FULL RUN LOG:
 Uncompressing the gds files
Step 0 done without fatal errors.
 Executing Step 1 of 4: Checking License files.
{{LICENSE COMPLIANCE PASSED}} Apache-2.0 LICENSE file was found in project root
 No third party libraries found.
Step 1 done without fatal errors.
{{SPDX COMPLIANCE WARNING}} Found 90 non-compliant files with the SPDX Standard. Check full log for more information
SPDX COMPLIANCE: NON-COMPLIANT FILES PREVIEW: ['/mnt/c/Users/LENOVO/Documents/PLL/latest_b_fix/caravel/info.yaml', '/mnt/c/Users/LENOVO/Documents/PLL/latest_b_fix/caravel/mpw-one-b.md', '/mnt/c/Users/LENOVO/Documents/PLL/latest_b_fix/caravel/README.md', '/mnt/c/Users/LENOVO/Documents/PLL/latest_b_fix/caravel/checks/full_log.log', '/mnt/c/Users/LENOVO/Documents/PLL/latest_b_fix/caravel/doc/caravel_datasheet.ps', '/mnt/c/Users/LENOVO/Documents/PLL/latest_b_fix/caravel/doc/README.md', '/mnt/c/Users/LENOVO/Documents/PLL/latest_b_fix/caravel/gds/.gitignore', '/mnt/c/Users/LENOVO/Documents/PLL/latest_b_fix/caravel/macros/README.md', '/mnt/c/Users/LENOVO/Documents/PLL/latest_b_fix/caravel/mag/.gitignore', '/mnt/c/Users/LENOVO/Documents/PLL/latest_b_fix/caravel/mag/clamp_list.txt', '/mnt/c/Users/LENOVO/Documents/PLL/latest_b_fix/caravel/mag/comp.out', '/mnt/c/Users/LENOVO/Documents/PLL/latest_b_fix/caravel/mag/manifest', '/mnt/c/Users/LENOVO/Documents/PLL/latest_b_fix/caravel/maglef/manifest', '/mnt/c/Users/LENOVO/Documents/PLL/latest_b_fix/caravel/openlane/.gitignore', '/mnt/c/Users/LENOVO/Documents/PLL/latest_b_fix/caravel/openlane/chip_dimensions.txt', '/mnt/c/Users/LENOVO/Documents/PLL/latest_b_fix/caravel/openlane/README.md', '/mnt/c/Users/LENOVO/Documents/PLL/latest_b_fix/caravel/openlane/DFFRAM/README.md', '/mnt/c/Users/LENOVO/Documents/PLL/latest_b_fix/caravel/openlane/mgmt_protect/pdn.tcl', '/mnt/c/Users/LENOVO/Documents/PLL/latest_b_fix/caravel/qflow/README', '/mnt/c/Users/LENOVO/Documents/PLL/latest_b_fix/caravel/qflow/digital_pll_controller/log/qflow.log']
 Executing Step 2 of 4: Checking YAML description.
 YAML file valid!
Step 2 done without fatal errors.
 Executing Step 3 of 4: Executing Fuzzy Consistency Checks.
b'Going into /mnt/c/Users/LENOVO/Documents/PLL/latest_b_fix/caravel//verilog/rtl/'
b'Removing manifest'
b'Fetching manifest'
b'Running sha1sum checks'
 Manifest Checks Passed. RTL Version Matches.
 Documentation Checks Passed.
 Makefile Checks Passed.
 Fuzzy Consistency Checks Passed!
Step 3 done without fatal errors.
 Executing Step 4 of 4: Checking DRC Violations.
 Running DRC Checks...
Violation Message "Metal4 > 3um spacing to unrelated m4 < 0.4um (met4.5b) "found 8 Times.
Violation Message "Metal3 > 3um spacing to unrelated m3 < 0.4um (met3.3d) "found 4 Times.
Violation Message "Can't overlap those layers "found 4 Times.
Violation Message "Min area of metal2 holes > 0.14um^2 (met2.7) "found 22 Times.
Violation Message "Metal3 spacing < 0.3um (met3.2) "found 8 Times.
Violation Message "Metal3 width < 0.3um (met3.1) "found 3 Times.
Violation Message "Metal1 > 3um spacing to unrelated m1 < 0.28um (met1.3b) "found 19 Times.
Violation Message "Metal2 > 3um spacing to unrelated m2 < 0.28um (met2.3b) "found 23 Times.
 DRC Checks on MAG Failed, Reason: Total # of DRC violations is 91
TEST FAILED AT STEP 4
