caravel_clocking.v: FAILED
caravel.v: FAILED
chip_io.v: FAILED
clock_div.v: FAILED
convert_gpio_sigs.v: FAILED
counter_timer_high.v: FAILED
counter_timer_low.v: FAILED
DFFRAMBB.v: FAILED
DFFRAM.v: FAILED
digital_pll_controller.v: FAILED
digital_pll.v: FAILED
gpio_control_block.v: FAILED
gpio_wb.v: FAILED
housekeeping_spi.v: FAILED
la_wb.v: FAILED
mem_wb.v: FAILED
mgmt_core.v: FAILED
mgmt_protect_hv.v: FAILED
mgmt_protect.v: FAILED
mgmt_soc.v: OK
mprj2_logic_high.v: FAILED open or read
mprj_ctrl.v: FAILED
mprj_io.v: FAILED
mprj_logic_high.v: FAILED open or read
pads.v: FAILED
picorv32.v: OK
ring_osc2x13.v: FAILED
simple_por.v: FAILED
simple_spi_master.v: FAILED
simpleuart.v: OK
sky130_fd_sc_hvl__lsbufhv2lv_1_wrapped.v: FAILED
spimemio.v: OK
sram_1rw1r_32_256_8_sky130.v: FAILED
storage_bridge_wb.v: FAILED
storage.v: FAILED
sysctrl.v: FAILED
wb_intercon.v: FAILED
