FULL RUN LOG:
SPDX NON-COMPLIANT FILES
/mnt/c/Users/LENOVO/Documents/PLL/latest_b_fix/caravel/info.yaml
/mnt/c/Users/LENOVO/Documents/PLL/latest_b_fix/caravel/mpw-one-b.md
/mnt/c/Users/LENOVO/Documents/PLL/latest_b_fix/caravel/README.md
/mnt/c/Users/LENOVO/Documents/PLL/latest_b_fix/caravel/checks/full_log.log
/mnt/c/Users/LENOVO/Documents/PLL/latest_b_fix/caravel/doc/caravel_datasheet.ps
/mnt/c/Users/LENOVO/Documents/PLL/latest_b_fix/caravel/doc/README.md
/mnt/c/Users/LENOVO/Documents/PLL/latest_b_fix/caravel/gds/.gitignore
/mnt/c/Users/LENOVO/Documents/PLL/latest_b_fix/caravel/macros/README.md
/mnt/c/Users/LENOVO/Documents/PLL/latest_b_fix/caravel/mag/.gitignore
/mnt/c/Users/LENOVO/Documents/PLL/latest_b_fix/caravel/mag/clamp_list.txt
/mnt/c/Users/LENOVO/Documents/PLL/latest_b_fix/caravel/mag/comp.out
/mnt/c/Users/LENOVO/Documents/PLL/latest_b_fix/caravel/mag/manifest
/mnt/c/Users/LENOVO/Documents/PLL/latest_b_fix/caravel/maglef/manifest
/mnt/c/Users/LENOVO/Documents/PLL/latest_b_fix/caravel/openlane/.gitignore
/mnt/c/Users/LENOVO/Documents/PLL/latest_b_fix/caravel/openlane/chip_dimensions.txt
/mnt/c/Users/LENOVO/Documents/PLL/latest_b_fix/caravel/openlane/README.md
/mnt/c/Users/LENOVO/Documents/PLL/latest_b_fix/caravel/openlane/DFFRAM/README.md
/mnt/c/Users/LENOVO/Documents/PLL/latest_b_fix/caravel/openlane/mgmt_protect/pdn.tcl
/mnt/c/Users/LENOVO/Documents/PLL/latest_b_fix/caravel/qflow/README
/mnt/c/Users/LENOVO/Documents/PLL/latest_b_fix/caravel/qflow/digital_pll_controller/log/qflow.log
/mnt/c/Users/LENOVO/Documents/PLL/latest_b_fix/caravel/qflow/ring_osc2x13/log/qflow.log
/mnt/c/Users/LENOVO/Documents/PLL/latest_b_fix/caravel/spi/lvs/.gitignore
/mnt/c/Users/LENOVO/Documents/PLL/latest_b_fix/caravel/spi/lvs/chip_io.spice
/mnt/c/Users/LENOVO/Documents/PLL/latest_b_fix/caravel/spi/lvs/DFFRAM.spice
/mnt/c/Users/LENOVO/Documents/PLL/latest_b_fix/caravel/spi/lvs/digital_pll.spice
/mnt/c/Users/LENOVO/Documents/PLL/latest_b_fix/caravel/spi/lvs/gpio_control_block.spice
/mnt/c/Users/LENOVO/Documents/PLL/latest_b_fix/caravel/spi/lvs/mgmt_core.spice
/mnt/c/Users/LENOVO/Documents/PLL/latest_b_fix/caravel/spi/lvs/mgmt_protect.spice
/mnt/c/Users/LENOVO/Documents/PLL/latest_b_fix/caravel/spi/lvs/mgmt_protect_hv.spice
/mnt/c/Users/LENOVO/Documents/PLL/latest_b_fix/caravel/spi/lvs/mprj2_logic_high.spice
/mnt/c/Users/LENOVO/Documents/PLL/latest_b_fix/caravel/spi/lvs/mprj_logic_high.spice
/mnt/c/Users/LENOVO/Documents/PLL/latest_b_fix/caravel/spi/lvs/simple_por.spice
/mnt/c/Users/LENOVO/Documents/PLL/latest_b_fix/caravel/spi/lvs/sky130_fd_sc_hvl__lsbufhv2lv_1_wrapped.spice
/mnt/c/Users/LENOVO/Documents/PLL/latest_b_fix/caravel/spi/lvs/storage.spice
/mnt/c/Users/LENOVO/Documents/PLL/latest_b_fix/caravel/spi/lvs/user_id_programming.spice
/mnt/c/Users/LENOVO/Documents/PLL/latest_b_fix/caravel/spi/lvs/user_project_wrapper.spice
/mnt/c/Users/LENOVO/Documents/PLL/latest_b_fix/caravel/spi/lvs/user_proj_example.spice
/mnt/c/Users/LENOVO/Documents/PLL/latest_b_fix/caravel/utils/core_scripts/README.md
/mnt/c/Users/LENOVO/Documents/PLL/latest_b_fix/caravel/utils/examples/README.md
/mnt/c/Users/LENOVO/Documents/PLL/latest_b_fix/caravel/utils/examples/xor.drc
/mnt/c/Users/LENOVO/Documents/PLL/latest_b_fix/caravel/verilog/dv/caravel/defs.h
/mnt/c/Users/LENOVO/Documents/PLL/latest_b_fix/caravel/verilog/dv/caravel/sections.lds
/mnt/c/Users/LENOVO/Documents/PLL/latest_b_fix/caravel/verilog/dv/caravel/spiflash.v
/mnt/c/Users/LENOVO/Documents/PLL/latest_b_fix/caravel/verilog/dv/caravel/start.s
/mnt/c/Users/LENOVO/Documents/PLL/latest_b_fix/caravel/verilog/dv/caravel/stub.c
/mnt/c/Users/LENOVO/Documents/PLL/latest_b_fix/caravel/verilog/dv/caravel/tbuart.v
/mnt/c/Users/LENOVO/Documents/PLL/latest_b_fix/caravel/verilog/dv/caravel/mgmt_soc/gpio/gpio.c
/mnt/c/Users/LENOVO/Documents/PLL/latest_b_fix/caravel/verilog/dv/caravel/mgmt_soc/gpio/gpio_tb.v
/mnt/c/Users/LENOVO/Documents/PLL/latest_b_fix/caravel/verilog/dv/caravel/mgmt_soc/gpio/README
/mnt/c/Users/LENOVO/Documents/PLL/latest_b_fix/caravel/verilog/dv/caravel/mgmt_soc/hkspi/hkspi.c
/mnt/c/Users/LENOVO/Documents/PLL/latest_b_fix/caravel/verilog/dv/caravel/mgmt_soc/mem/mem.c
/mnt/c/Users/LENOVO/Documents/PLL/latest_b_fix/caravel/verilog/dv/caravel/mgmt_soc/mem/mem_tb.v
/mnt/c/Users/LENOVO/Documents/PLL/latest_b_fix/caravel/verilog/dv/caravel/mgmt_soc/mprj_ctrl/mprj_ctrl.c
/mnt/c/Users/LENOVO/Documents/PLL/latest_b_fix/caravel/verilog/dv/caravel/mgmt_soc/pass_thru/pass_thru.c
/mnt/c/Users/LENOVO/Documents/PLL/latest_b_fix/caravel/verilog/dv/caravel/mgmt_soc/perf/perf.c
/mnt/c/Users/LENOVO/Documents/PLL/latest_b_fix/caravel/verilog/dv/caravel/mgmt_soc/perf/perf_tb.v
/mnt/c/Users/LENOVO/Documents/PLL/latest_b_fix/caravel/verilog/dv/caravel/mgmt_soc/pll/pll.c
/mnt/c/Users/LENOVO/Documents/PLL/latest_b_fix/caravel/verilog/dv/caravel/mgmt_soc/storage/storage.c
/mnt/c/Users/LENOVO/Documents/PLL/latest_b_fix/caravel/verilog/dv/caravel/mgmt_soc/storage/storage_tb.v
/mnt/c/Users/LENOVO/Documents/PLL/latest_b_fix/caravel/verilog/dv/caravel/mgmt_soc/sysctrl/sysctrl.c
/mnt/c/Users/LENOVO/Documents/PLL/latest_b_fix/caravel/verilog/dv/caravel/mgmt_soc/timer/timer.c
/mnt/c/Users/LENOVO/Documents/PLL/latest_b_fix/caravel/verilog/dv/caravel/mgmt_soc/timer/timer_tb.v
/mnt/c/Users/LENOVO/Documents/PLL/latest_b_fix/caravel/verilog/dv/caravel/mgmt_soc/timer2/timer2.c
/mnt/c/Users/LENOVO/Documents/PLL/latest_b_fix/caravel/verilog/dv/caravel/mgmt_soc/timer2/timer2_tb.v
/mnt/c/Users/LENOVO/Documents/PLL/latest_b_fix/caravel/verilog/dv/caravel/mgmt_soc/uart/uart.c
/mnt/c/Users/LENOVO/Documents/PLL/latest_b_fix/caravel/verilog/dv/caravel/mgmt_soc/uart/uart_tb.v
/mnt/c/Users/LENOVO/Documents/PLL/latest_b_fix/caravel/verilog/dv/caravel/user_proj_example/README.md
/mnt/c/Users/LENOVO/Documents/PLL/latest_b_fix/caravel/verilog/dv/caravel/user_proj_example/io_ports/io_ports.c
/mnt/c/Users/LENOVO/Documents/PLL/latest_b_fix/caravel/verilog/dv/caravel/user_proj_example/la_test1/la_test1.c
/mnt/c/Users/LENOVO/Documents/PLL/latest_b_fix/caravel/verilog/dv/caravel/user_proj_example/la_test2/la_test2.c
/mnt/c/Users/LENOVO/Documents/PLL/latest_b_fix/caravel/verilog/dv/wb_utests/spimemio_wb/flash.hex
/mnt/c/Users/LENOVO/Documents/PLL/latest_b_fix/caravel/verilog/gl/caravel.v
/mnt/c/Users/LENOVO/Documents/PLL/latest_b_fix/caravel/verilog/gl/chip_io.v
/mnt/c/Users/LENOVO/Documents/PLL/latest_b_fix/caravel/verilog/gl/mgmt_protect.v
/mnt/c/Users/LENOVO/Documents/PLL/latest_b_fix/caravel/verilog/gl/mgmt_protect_hv.v
/mnt/c/Users/LENOVO/Documents/PLL/latest_b_fix/caravel/verilog/gl/mprj2_logic_high.v
/mnt/c/Users/LENOVO/Documents/PLL/latest_b_fix/caravel/verilog/gl/mprj_logic_high.v
/mnt/c/Users/LENOVO/Documents/PLL/latest_b_fix/caravel/verilog/gl/sky130_fd_sc_hvl__lsbufhv2lv_1_wrapped.v
/mnt/c/Users/LENOVO/Documents/PLL/latest_b_fix/caravel/verilog/gl/user_project_wrapper.v
/mnt/c/Users/LENOVO/Documents/PLL/latest_b_fix/caravel/verilog/gl/user_proj_example.v
/mnt/c/Users/LENOVO/Documents/PLL/latest_b_fix/caravel/verilog/rtl/manifest
/mnt/c/Users/LENOVO/Documents/PLL/latest_b_fix/caravel/verilog/rtl/mgmt_soc.v
/mnt/c/Users/LENOVO/Documents/PLL/latest_b_fix/caravel/verilog/rtl/mprj2_logic_high.v
/mnt/c/Users/LENOVO/Documents/PLL/latest_b_fix/caravel/verilog/rtl/mprj_logic_high.v
/mnt/c/Users/LENOVO/Documents/PLL/latest_b_fix/caravel/verilog/rtl/picorv32.v
/mnt/c/Users/LENOVO/Documents/PLL/latest_b_fix/caravel/verilog/rtl/README
/mnt/c/Users/LENOVO/Documents/PLL/latest_b_fix/caravel/verilog/rtl/simpleuart.v
/mnt/c/Users/LENOVO/Documents/PLL/latest_b_fix/caravel/verilog/rtl/simple_spi_master.v
/mnt/c/Users/LENOVO/Documents/PLL/latest_b_fix/caravel/verilog/rtl/spimemio.v
/mnt/c/Users/LENOVO/Documents/PLL/latest_b_fix/caravel/verilog/stubs/sky130_fd_io__top_xres4v2.v
